<?xml version="1.0" encoding="UTF-8"?>
<!-- Generated by org.testng.reporters.JUnitReportReporter -->
<testsuite skipped="0" hostname="PC-C02X50H9JGH8" name="user.UserTestCases" tests="4" failures="0" timestamp="2022-09-01T23:53:50 AEST" time="76.115" errors="0">
  <testcase name="AddCategoryToCart" time="15.295" classname="user.UserTestCases"/>
  <system-out/>
  <testcase name="E2ETestUser" time="23.019" classname="user.UserTestCases"/>
  <system-out/>
  <testcase name="ViewCategory" time="20.166" classname="user.UserTestCases"/>
  <system-out/>
  <testcase name="ListCategories" time="17.635" classname="user.UserTestCases"/>
  <system-out/>
</testsuite> <!-- user.UserTestCases -->
