<?xml version="1.0" encoding="UTF-8"?>
<!-- Generated by org.testng.reporters.JUnitReportReporter -->
<testsuite skipped="0" hostname="PC-C02X50H9JGH8" name="apiTest.Get_MostPurchasedProducts_TestCases" tests="1" failures="0" timestamp="2022-09-01T02:44:31 AEST" time="0.029" errors="0">
  <testcase name="getViewCategory_antipyretic" time="0.029" classname="apiTest.Get_MostPurchasedProducts_TestCases"/>
  <system-out/>
</testsuite> <!-- apiTest.Get_MostPurchasedProducts_TestCases -->
