<?xml version="1.0" encoding="UTF-8"?>
<!-- Generated by org.testng.reporters.JUnitReportReporter -->
<testsuite skipped="0" hostname="PC-C02X50H9JGH8" name="apiTest.Get_ViewCategory_testCase" tests="1" failures="0" timestamp="2022-09-01T02:44:31 AEST" time="0.026" errors="0">
  <testcase name="getMostPurchasedProducts" time="0.026" classname="apiTest.Get_ViewCategory_testCase"/>
  <system-out/>
</testsuite> <!-- apiTest.Get_ViewCategory_testCase -->
