<?xml version="1.0" encoding="UTF-8"?>
<!-- Generated by org.testng.reporters.JUnitReportReporter -->
<testsuite skipped="0" hostname="PC-C02X50H9JGH8" name="apiTest.apiTestCases" tests="1" failures="0" timestamp="2022-08-28T17:53:14 AEST" time="2.040" errors="0">
  <testcase name="test1" time="2.040" classname="apiTest.apiTestCases"/>
  <system-out/>
</testsuite> <!-- apiTest.apiTestCases -->
