<?xml version="1.0" encoding="UTF-8"?>
<!-- Generated by org.testng.reporters.JUnitReportReporter -->
<testsuite skipped="0" hostname="PC-C02X50H9JGH8" name="admin.adminTestCases" tests="2" failures="0" timestamp="2022-09-01T23:53:50 AEST" time="24.882" errors="0">
  <testcase name="addProduct" time="11.851" classname="admin.adminTestCases"/>
  <system-out/>
  <testcase name="editProduct" time="13.031" classname="admin.adminTestCases"/>
  <system-out/>
</testsuite> <!-- admin.adminTestCases -->
